TN:
SF:src/core/domain/uuid.vo.ts
FN:4,<instance_members_initializer>
FN:7,Uuid
FN:13,create
FN:18,validate
FNF:4
FNH:4
FNDA:19,<instance_members_initializer>
FNDA:19,Uuid
FNDA:19,create
FNDA:19,validate
DA:1,1
DA:2,1
DA:3,1
DA:4,1
DA:5,19
DA:6,19
DA:7,19
DA:8,19
DA:9,19
DA:10,19
DA:11,19
DA:12,19
DA:13,19
DA:14,19
DA:15,19
DA:16,19
DA:17,19
DA:18,19
DA:19,19
DA:20,19
DA:21,0
DA:22,0
DA:23,19
DA:24,19
DA:25,19
DA:26,19
DA:27,19
LF:27
LH:25
BRDA:4,0,0,19
BRDA:7,1,0,19
BRDA:13,2,0,19
BRDA:18,3,0,19
BRDA:20,4,0,0
BRF:5
BRH:4
end_of_record
TN:
SF:src/core/errors/entity-validation-error.ts
FN:3,<instance_members_initializer>
FN:4,EntityValidationError
FN:9,count
FNF:3
FNH:2
FNDA:8,<instance_members_initializer>
FNDA:8,EntityValidationError
FNDA:0,count
DA:1,1
DA:2,1
DA:3,1
DA:4,8
DA:5,8
DA:6,8
DA:7,8
DA:8,8
DA:9,8
DA:10,0
DA:11,0
DA:12,8
LF:12
LH:10
BRDA:3,0,0,8
BRDA:4,1,0,8
BRDA:5,2,0,0
BRF:3
BRH:2
end_of_record
TN:
SF:src/domain/category.entity.ts
FN:16,<instance_members_initializer>
FN:23,Category
FN:31,create
FN:36,restore
FN:40,changeName
FN:46,changeDescription
FN:52,activate
FN:56,deactivate
FN:60,validate
FN:70,toJSON
FNF:10
FNH:10
FNDA:19,<instance_members_initializer>
FNDA:19,Category
FNDA:9,create
FNDA:10,restore
FNDA:2,changeName
FNDA:2,changeDescription
FNDA:2,activate
FNDA:2,deactivate
FNDA:13,validate
FNDA:1,toJSON
DA:1,1
DA:2,1
DA:3,1
DA:4,1
DA:5,1
DA:6,1
DA:7,1
DA:8,1
DA:9,1
DA:10,1
DA:11,1
DA:12,1
DA:13,1
DA:14,1
DA:15,1
DA:16,1
DA:17,19
DA:18,19
DA:19,19
DA:20,19
DA:21,19
DA:22,19
DA:23,19
DA:24,19
DA:25,19
DA:26,19
DA:27,19
DA:28,19
DA:29,19
DA:30,19
DA:31,19
DA:32,9
DA:33,9
DA:34,9
DA:35,9
DA:36,19
DA:37,10
DA:38,10
DA:39,19
DA:40,19
DA:41,2
DA:42,2
DA:43,2
DA:44,2
DA:45,19
DA:46,19
DA:47,2
DA:48,2
DA:49,2
DA:50,2
DA:51,19
DA:52,19
DA:53,2
DA:54,2
DA:55,19
DA:56,19
DA:57,2
DA:58,2
DA:59,19
DA:60,19
DA:61,13
DA:62,13
DA:63,13
DA:64,8
DA:65,8
DA:66,13
DA:67,19
DA:68,19
DA:69,19
DA:70,19
DA:71,1
DA:72,1
DA:73,1
DA:74,1
DA:75,1
DA:76,1
DA:77,1
DA:78,1
DA:79,19
LF:79
LH:79
BRDA:16,0,0,19
BRDA:23,1,0,19
BRDA:24,2,0,13
BRDA:26,3,0,11
BRDA:27,4,0,11
BRDA:28,5,0,17
BRDA:31,6,0,9
BRDA:36,7,0,10
BRDA:40,8,0,2
BRDA:46,9,0,2
BRDA:52,10,0,2
BRDA:56,11,0,2
BRDA:60,12,0,13
BRDA:63,13,0,8
BRDA:70,14,0,1
BRF:15
BRH:15
end_of_record
TN:
SF:src/domain/validators/category.validator.ts
FN:5,<instance_members_initializer>
FN:19,CategoryRules
FN:25,validate
FN:32,create
FNF:4
FNH:4
FNDA:13,<instance_members_initializer>
FNDA:13,CategoryRules
FNDA:13,validate
FNDA:13,create
DA:1,1
DA:2,1
DA:3,1
DA:4,1
DA:5,13
DA:6,13
DA:7,13
DA:8,13
DA:9,13
DA:10,13
DA:11,13
DA:12,13
DA:13,13
DA:14,13
DA:15,13
DA:16,13
DA:17,13
DA:18,13
DA:19,13
DA:20,13
DA:21,13
DA:22,13
DA:23,1
DA:24,1
DA:25,1
DA:26,13
DA:27,13
DA:28,1
DA:29,1
DA:30,1
DA:31,1
DA:32,1
DA:33,13
DA:34,13
DA:35,1
LF:35
LH:35
BRDA:5,0,0,13
BRDA:19,1,0,13
BRDA:25,2,0,13
BRDA:32,3,0,13
BRF:4
BRH:4
end_of_record
