TN:
SF:src/core/domain/uuid.vo.ts
FN:4,<instance_members_initializer>
FN:7,Uuid
FN:13,create
FN:18,validate
FNF:4
FNH:4
FNDA:11,<instance_members_initializer>
FNDA:11,Uuid
FNDA:8,create
FNDA:11,validate
DA:1,1
DA:2,1
DA:3,1
DA:4,1
DA:5,11
DA:6,11
DA:7,11
DA:8,11
DA:9,11
DA:10,11
DA:11,11
DA:12,11
DA:13,11
DA:14,8
DA:15,8
DA:16,11
DA:17,11
DA:18,11
DA:19,11
DA:20,11
DA:21,1
DA:22,1
DA:23,11
DA:24,11
DA:25,11
DA:26,11
DA:27,11
LF:27
LH:27
BRDA:4,0,0,11
BRDA:7,1,0,11
BRDA:9,2,0,9
BRDA:13,3,0,8
BRDA:18,4,0,11
BRDA:20,5,0,1
BRF:6
BRH:6
end_of_record
TN:
SF:src/domain/category.entity.ts
FN:14,<instance_members_initializer>
FN:21,Category
FN:29,create
FN:32,restore
FN:36,changeName
FN:40,changeDescription
FN:44,activate
FN:48,deactivate
FN:52,toJSON
FNF:9
FNH:9
FNDA:8,<instance_members_initializer>
FNDA:8,Category
FNDA:2,create
FNDA:6,restore
FNDA:1,changeName
FNDA:1,changeDescription
FNDA:1,activate
FNDA:1,deactivate
FNDA:1,toJSON
DA:1,1
DA:2,1
DA:3,1
DA:4,1
DA:5,1
DA:6,1
DA:7,1
DA:8,1
DA:9,1
DA:10,1
DA:11,1
DA:12,1
DA:13,1
DA:14,1
DA:15,8
DA:16,8
DA:17,8
DA:18,8
DA:19,8
DA:20,8
DA:21,8
DA:22,8
DA:23,8
DA:24,8
DA:25,8
DA:26,8
DA:27,8
DA:28,8
DA:29,8
DA:30,2
DA:31,2
DA:32,8
DA:33,6
DA:34,6
DA:35,8
DA:36,8
DA:37,1
DA:38,1
DA:39,8
DA:40,8
DA:41,1
DA:42,1
DA:43,8
DA:44,8
DA:45,1
DA:46,1
DA:47,8
DA:48,8
DA:49,1
DA:50,1
DA:51,8
DA:52,8
DA:53,1
DA:54,1
DA:55,1
DA:56,1
DA:57,1
DA:58,1
DA:59,1
DA:60,1
DA:61,8
LF:61
LH:61
BRDA:14,0,0,8
BRDA:21,1,0,8
BRDA:22,2,0,2
BRDA:24,3,0,1
BRDA:25,4,0,1
BRDA:26,5,0,6
BRDA:29,6,0,2
BRDA:32,7,0,6
BRDA:36,8,0,1
BRDA:40,9,0,1
BRDA:44,10,0,1
BRDA:48,11,0,1
BRDA:52,12,0,1
BRF:13
BRH:13
end_of_record
